<?xml version="1.0" encoding="UTF-8"?>
<!-- Generated by org.testng.reporters.JUnitReportReporter -->
<testsuite hostname="BrkingBad" failures="0" tests="1" name="variousConcepts.TestNGtest" time="4.322" errors="0" timestamp="2023-09-24T14:44:34 CDT" skipped="0">
  <testcase classname="variousConcepts.TestNGtest" name="click" time="4.322"/>
</testsuite> <!-- variousConcepts.TestNGtest -->
